<?xml version="1.0" encoding="UTF-8"?>
<testng-results ignored="0" total="1" passed="1" failed="0" skipped="0">
  <reporter-output>
    <line>
      <![CDATA[Poll scm class added and executed]]>
    </line>
  </reporter-output>
  <suite started-at="2024-08-16T11:52:25 IST" name="Default suite" finished-at="2024-08-16T11:52:25 IST" duration-ms="89">
    <groups>
    </groups>
    <test started-at="2024-08-16T11:52:25 IST" name="Default test" finished-at="2024-08-16T11:52:25 IST" duration-ms="89">
      <class name="login.PollScmTest">
        <test-method signature="poll()[pri:0, instance:login.PollScmTest@515c6049]" started-at="2024-08-16T11:52:25 IST" name="poll" finished-at="2024-08-16T11:52:25 IST" duration-ms="23" status="PASS">
          <reporter-output>
            <line>
              <![CDATA[Poll scm class added and executed]]>
            </line>
          </reporter-output>
        </test-method> <!-- poll -->
      </class> <!-- login.PollScmTest -->
    </test> <!-- Default test -->
  </suite> <!-- Default suite -->
</testng-results>
